  385  cd bin
  386  ls
  387  ls -l
  388  file python3.4
  389  cd ..
  390  ls
  391  pip install rehash
  392  rehash
  393  haash
  394  hash
  395  which python
  396  python -version
  397  python -v
  398  python 
  399  cd /
  400  ls
  401  ls -a
  402  cd Library
  403  ls
  404  cd Python
  405  ls
  406  cd 
  407  c d/
  408  ls
  409  cd /
  410  ls
  411  cd Library/
  412  ls
  413  ls Python
  414  cd ..
  415  ls
  416  cd bin
  417  ls
  418  pwd
  419  cd ..
  420  ls
  421  ls sbin
  422  ls Applications/
  423  echo $PATH
  424  cd
  425  ls /Applications/
  426  pwd
  427  vi .bashrc
  428  ls /Applications/
  429  ls /Applications/Python\ 3.6
  430  more /Applications/Python\ 3.6/ReadMe.rtf
  431  history
  432  ls /Applications/
  433  cd
  434  vi .bashrc
  435  ls /Applications/python 3.6/
  436  ls /Applications/Python\ 3.6
  437  ls /Applications/Python\ 3.6/Python\ Launcher.app/
  438  cd /Applications/Python\ 3.6
  439  ls
  440  more Update\ Shell\ Profile.command 
  441  source Update\ Shell\ Profile.command
  442  ls /Library/Frameworks/Python.framework/Versions/3.6/bin
  443  c
  444  cd
  445  vi .bashrc
  446  source .bashrc
  447  which python
  448  python 
  449  cd virtualenvs/harvardmed/
  450  pip install Django
  451  . ~/virtualenvs/phase2/
  452  ls ~/virtualenvs/phase2/
  453  cd ..
  454  ls
  455  cd harvardmed/
  456  virtualenv
  457  virtualenv --python=python3.6 --verbose
  458  virtualenv --python=python3.6 --verbose .
  459  pwd
  460  ls
  461  ls bin
  462  . ./bin/activate
  463  which python
  464  python 
  465  which django
  466  pip install django
  467  which django
  468  ls
  469  pip install -e django/
  470  ls bin
  471  ls
  472  ls lib
  473  ls lib/python3.6/
  474  ls lib/python3.6/site-packages/
  475  ls lib/python3.6/site-packages/django
  476  env | grep PATH
  477  vi ~/.bashrc
  478  source ~/.bashrc
  479  pip install -e django
  480  ls
  481  ls bin
  482  pwd
  483  ls bin
  484  echo $PATH
  485  vi ~/bashrc
  486  vi ~/.bashrc
  487  source ~/.bashrc
  488  pip install -e django
  489  which django
  490  ls bin
  491  pip install django
  492  man pip
  493  pip upgrade pip
  494  pip install -U pip
  495  ls
  496  which django-admin
  497  python -Wall manage.py tests
  498  python -Wall manage.py test
  499  python
  500  python -c "import django; print(django.__path__)"
  501  source ~/.bashrc
  502  . ./bin/activate
  503  ls
  504  pwd
  505  cd LaurasProject/
  506  ls
  507  python manage.py startapp DBMI
  508  ls
  509  ls LaurasProject/
  510  ls DBMI/
  511  ls
  512  python manage.py makemigrations DBMI
  513  ls
  514  ls DBMI
  515  ls DBMI/migrations
  516  more DBMI/apps.py
  517  ls
  518  ls DBMI
  519  ls LaurasProject/
  520  more LaurasProject/settings.py 
  521  python manage.py makemigrations DBMI
  522  ls
  523  ls DBMI
  524  cd DBMI/migrations
  525  ls
  526  cd ..
  527  ls
  528  more apps.py 
  529  cd ..
  530  python manage.py migrate
  531  ls
  532  ls DBMI
  533  more DBMI/apps.py 
  534  python manage.py makemigrations DBMI
  535  python manage.py migrate
  536  python manage.py shell
  537  python manage.py shell
  538  python manage.py createsuperuser
  539  python manage.py runserver
  540  python manage.py makemigrations DBMI
  541  python manage.py makemigrations DBMI
  542  python manage.py makemigrations DBMI
  543  python manage.py makemigrations DBMI
  544  python manage.py makemigrations DBMI
  545  python manage.py makemigrations DBMI
  546* 
  547  python manage.py makemigrations DBMI
  548  python manage.py migrate
  549  python manage.py migrate
  550  python manage.py migrate
  551  python manage.py migrate
  552  python manage.py migrate
  553  python manage.py shell
  554* e
  555  python manage.py makemigrations DBMI
  556  python manage.py makemigrations DBMI
  557  python manage.py makemigrations
  558  python manage.py makemigrations
  559  python manage.py makemigrations
  560  ls
  561  more LaurasProject/settings.py 
  562  pwd
  563  ls
  564  oython manage.py sqlmigrate DBMI 0001
  565  python manage.py sqlmigrate DBMI 0001
  566  python manage.py migrate
  567  python manage.py migrate
  568  python manage.py makemigrations
  569  python manage.py makemigrations
  570  python manage.py sqlmigrate DBMI 0001
  571  python manage.py sqlmigrate DBMI 0001
  572  python manage.py makemigrations
  573  python manage.py migrate DBMI
  574  python manage.py sqlmigrate DBMI 0001
  575  python manage.py sqlmigrate DBMI 0002
  576  ls
  577  ls
  578  ls DBMI
  579  ls DBMI/migrations/
  580  rm DBMI/migrations/0*
  581  ls
  582  python manage.py makemigrations
  583  python manage.py migrate
  584  rm DBMI/migrations/0*
  585  python manage.py makemigrations
  586  python manage.py makemigrations
  587  python manage.py migrate
  588  python manage.py shell
  589  python manage.py sqlmigrate DBMI 0001
  590  rm DBMI/migrations/0*
  591  python manage.py makemigrations
  592  python manage.py migrate
  593  python manage.py sqlmigrate DBMI 0001
  594  rm DBMI/migrations/0*
  595  python manage.py makemigrations
  596  python manage.py migrate
  597  python manage.py sqlmigrate DBMI 0001
  598  python manage.py shell
  599  python manage.py migrate
  600  python manage.py shell
  601  python manage.py sqlmigrate polls 0001
  602  python manage.py sqlmigrate DBMI 0001
  603* 
  604  python manage.py sqlmigrate DBMI 0001
  605  python manage.py shell
  606* 
  607  ls
  608  ls LaurasProject/
  609  rm DBMI/migrations/0*
  610  cd DBMI/migrations/
  611  ls
  612  ls -ltr
  613  cd ../..
  614  ls
  615  python manage.py makemigrations
  616  python manage.py sqlmigrate DBMI 0001
  617  pwd
  618  python manage.py sqlmigrate DBMI 0001
  619  python manage.py shell
  620  python manage.py sqlmigrate DBMI 0001
  621  ls
  622  rm DBMI/migrations/0*
  623  ls DBMI/migrations/
  624  ls
  625  python manage.py makemigrations
  626  python manage.py makemigrations
  627  python manage.py migrate
  628  python manage.py sqlmigrate DBMI 0001
  629  python manage.py shell
  630  python manage.py makemigrations DBMI
  631  rm DBMI/migrations/0*
  632  python manage.py makemigrations DBMI
  633  python manage.py sqlmigrate DBMI 0001
  634  python manage.py migrate
  635  ls DBMI/migrations/
  636  ls DBMI/migrations/0001_initial.py 
  637  more DBMI/migrations/0001_initial.py
  638* 
  639  python manage.py reset DBMI
  640  python manage.py flush
  641  
  642  python manage.py migrate
  643  python manage.py syncdb
  644  python manage.py reset_db
  645  python manage.py help
  646  python manage.py sqlflush
  647* 
  648* 
  649  python manage.py migrate
  650  python manage.py sqlflush
  651  python manage.py dbshell
  652  python manage.py migrate
  653  python manage.py dbshell
  654  python manage.py sqlmigrate DBMI 0001
  655  ls DBMI/migrations/
  656  rm DBMI/migrations/0001_initial.py 
  657  python manage.py makemigrations DBMI
  658  python manage.py migrate
  659  python manage.py dbshell
  660  django-admin
  661  django-admin sqlflush
  662  django-admin
  663  django-admin inspectdb
  664  django-admin settings.configure()
  665  ls
  666  cd DBMI
  667  ls
  668  python manage.py makemigrations DBMI
  669  cd ..
  670  python manage.py makemigrations DBMI
  671* 
  672  python manage.py makemigrations DBMI
  673  python manage.py makemigrations DBMI
  674  python manage.py migrate
  675* 
  676  rm DBMI/migrations/0002_remove_participantinfo_gen_mutations.py 
  677  python manage.py makemigrations DBMI
  678  python manage.py migrate
  679  rm DBMI/migrations/0*
  680  python manage.py makemigrations DBMI
  681  python manage.py makemigrations DBMI
  682  python manage.py makemigrations DBMI
  683  python manage.py makemigrations DBMI
  684  rm DBMI/migrations/0*
  685  python manage.py makemigrations DBMI
  686  python manage.py makemigrations DBMI
  687  python manage.py migrate
  688  cd ../LaurasForms/
  689  python manage.py startapp participants
  690  ls
  691  ls participants/
  692  cd ..
  693  ls
  694  cd demo
  695  ls
  696  python manage.py startapp polls
  697  ls
  698  cd polls
  699  vi views.py
  700  vi urls.py
  701  cd ..
  702  cd demo
  703  ls
  704  vi urls.py
  705  ls ../../LaurasProject/LaurasProject/settings.py 
  706  more ../../LaurasProject/LaurasProject/settings.py
  707  vi settings.py 
  708  python manage.py migrate
  709  cd ..
  710  python manage.py migrate
  711  cd polls
  712  vi models.py
  713  cd ..
  714  vi demo/settings.py 
  715  python manage.py makemigrations polls
  716  python manage.py sqlmigrate polls 0001
  717  python manage.py migrate
  718  python mange.py shell
  719  python manage.py shell
  720  vi polls/models.py
  721  vi polls/models.py
  722  python manage.py shell
  723  python manage.py shell
  724  python manage.py createsuperuser
  725  vi polls/admin.py 
  726  vi polls/views.py 
  727  vi polls/urls.py
  728  vi polls/views.py 
  729  pwd
  730  mkdir -m polls/templates/polls
  731  mkdir -p polls/templates/polls
  732  vi polls/templates/polls/index.html
  733  vi polls/views.py
  734  vi polls/views.py
  735  vi polls/templates/polls/detail.html
  736  vi polls/views.py
  737  vi polls/views.py
  738  vi polls/urls.py
  739  vi polls/templates/polls/detail.html
  740  vi polls/urls.py 
  741  vi polls/templates/polls/index.html 
  742  vi polls/templates/polls/index.html 
  743  vi polls/templates/polls/detail.html
  744  vi polls/urls.py
  745* 
  746  vi polls/views.py
  747  vi polls/urls.py
  748  vi polls/views.py
  749  python manage.py makemigrations polls
  750  pwd
  751  python manage.py migrate
  752  vi polls/views.py 
  753  vi polls/templates/polls/detail.html 
  754* 
  755  python manage.py migrate
  756  vi polls/views.py 
  757  python manage.py migrate
  758  vi polls/views.py 
  759  vi polls/templates/polls/detail.html 
  760  vi polls/urls.py
  761  vi polls/templates/polls/index.html 
  762  python manage.py makemigrations polls
  763  python manage.py migrate
  764  more polls/urls.py 
  765  vi polls/views.py 
  766* 
  767  python manage.py makemigrations polls
  768  python manage.py migrate
  769  vi polls/urls.py 
  770  vi polls/views.py
  771  python manage.py makemigrations polls
  772  vi polls/views.py
  773  python manage.py makemigrations polls
  774* 
  775  python manage.py makemigrations polls
  776  python manage.py migrate
  777  more polls/templates/polls/results.html 
  778  pwd
  779  ls
  780  cd polls
  781  cd ..
  782  python manage.py dbshell
  783  pwd
  784  cd ../LaurasForms/
  785  python manage.py createsuperuser
  786  python manage.py makemigrations participants
  787  ls
  788  ls participants/
  789  pwd
  790  cd ..
  791  ls
  792  cd LaurasForms/
  793  ls
  794  vi LaurasForms/settings.py 
  795  pwd
  796  ls
  797  python manage.py makemigrations participants
  798  python manage.py makemigrations participants
  799  python manage.py makemigrations participants
  800  ls
  801  python manage.py makemigrations participants
  802  python manage.py makemigrations participants
  803  python manage.py makemigrations participants
  804  python manage.py makemigrations participants
  805  ls
  806  cd participants/
  807  ls
  808  cd ..
  809  python manage.py makemigrations participants
  810  vi participants/apps.py 
  811  python manage.py makemigrations participants
  812  vi LaurasForms/settings.py 
  813  python manage.py makemigrations participants
  814  python manage.py makemigrations participants
  815  python manage.py makemigrations participants
  816  ls
  817  python manage.py migrate
  818  python manage.py makemigrations participants
  819  python manage.py migrate
  820  python manage.py makemigrations participants
  821  python manage.py makemigrations participants
  822  python manage.py migrate
  823  python manage.py makemigrations participants
  824  python manage.py migrate
  825  python manage.py makemigrations participants
  826  python manage.py makemigrations participants
  827  python manage.py migrate
  828  ls
  829  rm old_urls.py 
  830  more LaurasForms/urls.py 
  831  cd ../par
  832  pwd
  833  cd participants/
  834  ls
  835  more urls.py 
  836  pwd
  837  cd ..
  838  python manage.py makemigrations participants
  839  python manage.py migrate
  840  python manage.py shell
  841  python manage.py shell
  842  python manage.py makemigrations participants
  843  python manage.py migrate
  844  python manage.py shell
  845  cd ..
  846  ls
  847  cd ..
  848  ls
  849  cp -r harvardmed/ harvardmed.save
  850  bg
  851  ls
  852  du -sh harvardmed
  853  du -sh harvardmed.save/
  854  jobs
  855  fg
  856  du -sh harvardmed.save/
  857  ls -R harvardmed
  858  ls -R harvardmed.save
  859  ls
  860  cd harvardmed
  861  git init
  862  which git
  863  man git
  864  git --help
  865  xcode-select --install
  866  which git
  867  git init
  868  git config --global user.name LauraV
  869  git config --global user.email lauraverdibello@gmail.com
  870  vi .gitignore
  871  git status
  872  git add --all .
  873  git commit -m "Demo project"
  874  ls
  875  vi gitinfo
  876  history
  877  git remote add origin https://github.com/LauraVerdi/DBMI.git
  878  git push -u origin master
  879  ls
  880  history
  881  ls
  882  
  883  vi gitinfo
  884  history > history.out
